<?xml version="1.0" encoding="UTF-8"?>
<!-- Generated by org.testng.reporters.JUnitXMLReporter -->
<testsuite ignored="0" hostname="Optiplex" failures="0" tests="3" name="Hubspot Application" time="11.705" errors="0" timestamp="22 Jul 2023 10:09:48 GMT">
  <testcase classname="loginpage.LoginPage" name="url" time="5.951"/>
  <testcase classname="loginpage.LoginPage" name="loginCredentials" time="0.442"/>
  <testcase classname="loginpage.LoginPage" name="close" time="5.261"/>
</testsuite> <!-- Hubspot Application -->
